# JRE version: OpenJDK Runtime Environment (8.0_112-b06) (build 1.8.0_112-release-b06)
# Java VM: OpenJDK 64-Bit Server VM (25.112-b06 mixed mode windows-amd64 compressed oops)
Heap:
 PSYoungGen      total 463872K, used 149550K [0x00000000e0000000, 0x0000000100000000, 0x0000000100000000)
  eden space 401408K, 33% used [0x00000000e0000000,0x00000000e84cf428,0x00000000f8800000)
  from space 62464K, 21% used [0x00000000fc300000,0x00000000fd03c478,0x0000000100000000)
  to   space 60416K, 0% used [0x00000000f8800000,0x00000000f8800000,0x00000000fc300000)
 ParOldGen       total 196096K, used 118803K [0x00000000a0000000, 0x00000000abf80000, 0x00000000e0000000)
  object space 196096K, 60% used [0x00000000a0000000,0x00000000a7404ec8,0x00000000abf80000)
 Metaspace       used 73540K, capacity 76020K, committed 76160K, reserved 1116160K
  class space    used 9105K, capacity 9590K, committed 9600K, reserved 1048576K
GC Heap History (10 events):
Event: 1803.795 GC heap before
{Heap before GC invocations=41 (full 6):
 PSYoungGen      total 464384K, used 408537K [0x00000000e0000000, 0x0000000100000000, 0x0000000100000000)
  eden space 408576K, 99% used [0x00000000e0000000,0x00000000f8ef65c8,0x00000000f8f00000)
  from space 55808K, 0% used [0x00000000fc980000,0x00000000fc980000,0x0000000100000000)
  to   space 57856K, 0% used [0x00000000f8f00000,0x00000000f8f00000,0x00000000fc780000)
 ParOldGen       total 136192K, used 63599K [0x00000000a0000000, 0x00000000a8500000, 0x00000000e0000000)
  object space 136192K, 46% used [0x00000000a0000000,0x00000000a3e1bfc0,0x00000000a8500000)
 Metaspace       used 72849K, capacity 75164K, committed 75648K, reserved 1116160K
  class space    used 9067K, capacity 9542K, committed 9600K, reserved 1048576K
Event: 1809.565 GC heap after
Heap after GC invocations=41 (full 6):
 PSYoungGen      total 422912K, used 14271K [0x00000000e0000000, 0x00000000ffd00000, 0x0000000100000000)
  eden space 408576K, 0% used [0x00000000e0000000,0x00000000e0000000,0x00000000f8f00000)
  from space 14336K, 99% used [0x00000000f8f00000,0x00000000f9ceffd0,0x00000000f9d00000)
  to   space 55296K, 0% used [0x00000000fc700000,0x00000000fc700000,0x00000000ffd00000)
 ParOldGen       total 136192K, used 63607K [0x00000000a0000000, 0x00000000a8500000, 0x00000000e0000000)
  object space 136192K, 46% used [0x00000000a0000000,0x00000000a3e1dfc0,0x00000000a8500000)
 Metaspace       used 72849K, capacity 75164K, committed 75648K, reserved 1116160K
  class space    used 9067K, capacity 9542K, committed 9600K, reserved 1048576K
}
Event: 1845.270 GC heap before
{Heap before GC invocations=42 (full 6):
 PSYoungGen      total 422912K, used 422847K [0x00000000e0000000, 0x00000000ffd00000, 0x0000000100000000)
  eden space 408576K, 100% used [0x00000000e0000000,0x00000000f8f00000,0x00000000f8f00000)
  from space 14336K, 99% used [0x00000000f8f00000,0x00000000f9ceffd0,0x00000000f9d00000)
  to   space 55296K, 0% used [0x00000000fc700000,0x00000000fc700000,0x00000000ffd00000)
 ParOldGen       total 136192K, used 63607K [0x00000000a0000000, 0x00000000a8500000, 0x00000000e0000000)
  object space 136192K, 46% used [0x00000000a0000000,0x00000000a3e1dfc0,0x00000000a8500000)
 Metaspace       used 72976K, capacity 75284K, committed 75648K, reserved 1116160K
  class space    used 9072K, capacity 9552K, committed 9600K, reserved 1048576K
Event: 1849.229 GC heap after
Heap after GC invocations=42 (full 6):
 PSYoungGen      total 465920K, used 29516K [0x00000000e0000000, 0x0000000100000000, 0x0000000100000000)
  eden space 410624K, 0% used [0x00000000e0000000,0x00000000e0000000,0x00000000f9100000)
  from space 55296K, 53% used [0x00000000fc700000,0x00000000fe3d32c8,0x00000000ffd00000)
  to   space 55296K, 0% used [0x00000000f9100000,0x00000000f9100000,0x00000000fc700000)
 ParOldGen       total 136192K, used 76477K [0x00000000a0000000, 0x00000000a8500000, 0x00000000e0000000)
  object space 136192K, 56% used [0x00000000a0000000,0x00000000a4aaf538,0x00000000a8500000)
 Metaspace       used 72976K, capacity 75284K, committed 75648K, reserved 1116160K
  class space    used 9072K, capacity 9552K, committed 9600K, reserved 1048576K
}
Event: 1853.156 GC heap before
{Heap before GC invocations=43 (full 6):
 PSYoungGen      total 465920K, used 440140K [0x00000000e0000000, 0x0000000100000000, 0x0000000100000000)
  eden space 410624K, 100% used [0x00000000e0000000,0x00000000f9100000,0x00000000f9100000)
  from space 55296K, 53% used [0x00000000fc700000,0x00000000fe3d32c8,0x00000000ffd00000)
  to   space 55296K, 0% used [0x00000000f9100000,0x00000000f9100000,0x00000000fc700000)
 ParOldGen       total 136192K, used 76477K [0x00000000a0000000, 0x00000000a8500000, 0x00000000e0000000)
  object space 136192K, 56% used [0x00000000a0000000,0x00000000a4aaf538,0x00000000a8500000)
 Metaspace       used 72979K, capacity 75284K, committed 75648K, reserved 1116160K
  class space    used 9072K, capacity 9552K, committed 9600K, reserved 1048576K
Event: 1860.978 GC heap after
Heap after GC invocations=43 (full 6):
 PSYoungGen      total 460288K, used 49619K [0x00000000e0000000, 0x0000000100000000, 0x0000000100000000)
  eden space 410624K, 0% used [0x00000000e0000000,0x00000000e0000000,0x00000000f9100000)
  from space 49664K, 99% used [0x00000000f9100000,0x00000000fc174c78,0x00000000fc180000)
  to   space 62464K, 0% used [0x00000000fc300000,0x00000000fc300000,0x0000000100000000)
 ParOldGen       total 136192K, used 103639K [0x00000000a0000000, 0x00000000a8500000, 0x00000000e0000000)
  object space 136192K, 76% used [0x00000000a0000000,0x00000000a6535f20,0x00000000a8500000)
 Metaspace       used 72979K, capacity 75284K, committed 75648K, reserved 1116160K
  class space    used 9072K, capacity 9552K, committed 9600K, reserved 1048576K
}
Event: 1861.014 GC heap before
{Heap before GC invocations=44 (full 7):
 PSYoungGen      total 460288K, used 49619K [0x00000000e0000000, 0x0000000100000000, 0x0000000100000000)
  eden space 410624K, 0% used [0x00000000e0000000,0x00000000e0000000,0x00000000f9100000)
  from space 49664K, 99% used [0x00000000f9100000,0x00000000fc174c78,0x00000000fc180000)
  to   space 62464K, 0% used [0x00000000fc300000,0x00000000fc300000,0x0000000100000000)
 ParOldGen       total 136192K, used 103639K [0x00000000a0000000, 0x00000000a8500000, 0x00000000e0000000)
  object space 136192K, 76% used [0x00000000a0000000,0x00000000a6535f20,0x00000000a8500000)
 Metaspace       used 72979K, capacity 75284K, committed 75648K, reserved 1116160K
  class space    used 9072K, capacity 9552K, committed 9600K, reserved 1048576K
Event: 1875.261 GC heap after
Heap after GC invocations=44 (full 7):
 PSYoungGen      total 460288K, used 0K [0x00000000e0000000, 0x0000000100000000, 0x0000000100000000)
  eden space 410624K, 0% used [0x00000000e0000000,0x00000000e0000000,0x00000000f9100000)
  from space 49664K, 0% used [0x00000000f9100000,0x00000000f9100000,0x00000000fc180000)
  to   space 62464K, 0% used [0x00000000fc300000,0x00000000fc300000,0x0000000100000000)
 ParOldGen       total 196096K, used 118795K [0x00000000a0000000, 0x00000000abf80000, 0x00000000e0000000)
  object space 196096K, 60% used [0x00000000a0000000,0x00000000a7402ec8,0x00000000abf80000)
 Metaspace       used 72979K, capacity 75284K, committed 75648K, reserved 1116160K
  class space    used 9072K, capacity 9552K, committed 9600K, reserved 1048576K
}
Event: 1891.550 GC heap before
{Heap before GC invocations=45 (full 7):
 PSYoungGen      total 460288K, used 410421K [0x00000000e0000000, 0x0000000100000000, 0x0000000100000000)
  eden space 410624K, 99% used [0x00000000e0000000,0x00000000f90cd4d0,0x00000000f9100000)
  from space 49664K, 0% used [0x00000000f9100000,0x00000000f9100000,0x00000000fc180000)
  to   space 62464K, 0% used [0x00000000fc300000,0x00000000fc300000,0x0000000100000000)
 ParOldGen       total 196096K, used 118795K [0x00000000a0000000, 0x00000000abf80000, 0x00000000e0000000)
  object space 196096K, 60% used [0x00000000a0000000,0x00000000a7402ec8,0x00000000abf80000)
 Metaspace       used 73040K, capacity 75330K, committed 75648K, reserved 1116160K
  class space    used 9076K, capacity 9559K, committed 9600K, reserved 1048576K
Event: 1892.527 GC heap after
Heap after GC invocations=45 (full 7):
 PSYoungGen      total 463872K, used 13553K [0x00000000e0000000, 0x0000000100000000, 0x0000000100000000)
  eden space 401408K, 0% used [0x00000000e0000000,0x00000000e0000000,0x00000000f8800000)
  from space 62464K, 21% used [0x00000000fc300000,0x00000000fd03c478,0x0000000100000000)
  to   space 60416K, 0% used [0x00000000f8800000,0x00000000f8800000,0x00000000fc300000)
 ParOldGen       total 196096K, used 118803K [0x00000000a0000000, 0x00000000abf80000, 0x00000000e0000000)
  object space 196096K, 60% used [0x00000000a0000000,0x00000000a7404ec8,0x00000000abf80000)
 Metaspace       used 73040K, capacity 75330K, committed 75648K, reserved 1116160K
  class space    used 9076K, capacity 9559K, committed 9600K, reserved 1048576K
}

